TN:
SF:controllers\eventsController.js
FN:3,getEvents
FN:9,insertEvents
FN:20,deleteEvent
FN:32,updateEvent
FNF:4
FNH:4
FNDA:3,getEvents
FNDA:1,insertEvents
FNDA:1,deleteEvent
FNDA:1,updateEvent
DA:4,3
DA:5,3
DA:6,2
DA:10,1
DA:11,1
DA:15,1
DA:16,1
DA:21,1
DA:22,1
DA:27,1
DA:28,1
DA:33,1
DA:34,1
DA:35,1
DA:40,1
DA:41,1
LF:16
LH:16
BRDA:5,0,0,1
BRDA:5,0,1,2
BRDA:15,1,0,0
BRDA:15,1,1,1
BRDA:27,2,0,0
BRDA:27,2,1,1
BRDA:40,3,0,0
BRDA:40,3,1,1
BRF:8
BRH:5
end_of_record
TN:
SF:controllers\favorisController.js
FN:2,addFavori
FN:21,getFavorisByUser
FN:34,removeFavori
FNF:3
FNH:0
FNDA:0,addFavori
FNDA:0,getFavorisByUser
FNDA:0,removeFavori
DA:3,0
DA:6,0
DA:11,0
DA:12,0
DA:13,0
DA:16,0
DA:22,0
DA:24,0
DA:29,0
DA:31,0
DA:35,0
DA:37,0
DA:42,0
DA:44,0
LF:14
LH:0
BRDA:11,0,0,0
BRDA:11,0,1,0
BRDA:29,1,0,0
BRDA:29,1,1,0
BRDA:42,2,0,0
BRDA:42,2,1,0
BRF:6
BRH:0
end_of_record
TN:
SF:controllers\menuController.js
FN:4,getMenusByRestaurant
FN:18,insertMenu
FN:36,deleteMenu
FN:51,updateMenu
FNF:4
FNH:0
FNDA:0,getMenusByRestaurant
FNDA:0,insertMenu
FNDA:0,deleteMenu
FNDA:0,updateMenu
DA:5,0
DA:7,0
DA:12,0
DA:14,0
DA:19,0
DA:21,0
DA:22,0
DA:25,0
DA:30,0
DA:32,0
DA:37,0
DA:39,0
DA:45,0
DA:47,0
DA:52,0
DA:53,0
DA:55,0
DA:61,0
DA:63,0
LF:19
LH:0
BRDA:12,0,0,0
BRDA:12,0,1,0
BRDA:21,1,0,0
BRDA:21,1,1,0
BRDA:21,2,0,0
BRDA:21,2,1,0
BRDA:21,2,2,0
BRDA:30,3,0,0
BRDA:30,3,1,0
BRDA:45,4,0,0
BRDA:45,4,1,0
BRDA:61,5,0,0
BRDA:61,5,1,0
BRF:13
BRH:0
end_of_record
TN:
SF:controllers\placesController.js
FN:3,getPlaces
FN:9,insertPlace
FN:20,deletePlace
FN:32,updatePlace
FNF:4
FNH:4
FNDA:3,getPlaces
FNDA:1,insertPlace
FNDA:1,deletePlace
FNDA:1,updatePlace
DA:4,3
DA:5,3
DA:6,2
DA:10,1
DA:11,1
DA:15,1
DA:16,1
DA:21,1
DA:22,1
DA:27,1
DA:28,1
DA:33,1
DA:34,1
DA:35,1
DA:40,1
DA:41,1
LF:16
LH:16
BRDA:5,0,0,1
BRDA:5,0,1,2
BRDA:15,1,0,0
BRDA:15,1,1,1
BRDA:27,2,0,0
BRDA:27,2,1,1
BRDA:40,3,0,0
BRDA:40,3,1,1
BRF:8
BRH:5
end_of_record
TN:
SF:controllers\restaurantsController.js
FN:3,getRestaurants
FN:9,insertRestaurant
FN:20,deleteRestaurant
FN:32,updateRestaurant
FNF:4
FNH:4
FNDA:3,getRestaurants
FNDA:1,insertRestaurant
FNDA:1,deleteRestaurant
FNDA:1,updateRestaurant
DA:4,3
DA:5,3
DA:6,2
DA:10,1
DA:11,1
DA:15,1
DA:16,1
DA:21,1
DA:22,1
DA:27,1
DA:28,1
DA:33,1
DA:34,1
DA:35,1
DA:40,1
DA:41,1
LF:16
LH:16
BRDA:5,0,0,1
BRDA:5,0,1,2
BRDA:15,1,0,0
BRDA:15,1,1,1
BRDA:27,2,0,0
BRDA:27,2,1,1
BRDA:40,3,0,0
BRDA:40,3,1,1
BRF:8
BRH:5
end_of_record
TN:
SF:routes\events.js
FNF:0
FNH:0
DA:3,1
DA:5,1
DA:6,1
DA:7,1
DA:8,1
LF:5
LH:5
BRF:0
BRH:0
end_of_record
TN:
SF:routes\favoris.js
FNF:0
FNH:0
DA:3,1
DA:4,1
DA:5,1
DA:6,1
LF:4
LH:4
BRF:0
BRH:0
end_of_record
TN:
SF:routes\menus.js
FNF:0
FNH:0
DA:3,1
DA:4,1
DA:5,1
DA:6,1
DA:7,1
LF:5
LH:5
BRF:0
BRH:0
end_of_record
TN:
SF:routes\places.js
FNF:0
FNH:0
DA:3,1
DA:5,1
DA:6,1
DA:7,1
DA:8,1
LF:5
LH:5
BRF:0
BRH:0
end_of_record
TN:
SF:routes\restaurants.js
FNF:0
FNH:0
DA:3,1
DA:5,1
DA:6,1
DA:7,1
DA:8,1
LF:5
LH:5
BRF:0
BRH:0
end_of_record
